<?xml version="1.0" encoding="UTF-8"?>
<!-- Generated by org.testng.reporters.JUnitReportReporter -->
<testsuite skipped="0" hostname="DESKTOP-6FF9JGR" name="com.NewTours.WebPageTest.RegisterPageTest" tests="10" failures="0" timestamp="02 Sep 2019 20:49:23 GMT" time="133.816" errors="0">
  <testcase name="verifyRegisterPageTitleTest" time="8.738" classname="com.NewTours.WebPageTest.RegisterPageTest"/>
  <testcase name="newRegisterTest" time="11.162" classname="com.NewTours.WebPageTest.RegisterPageTest"/>
  <testcase name="newRegisterTest" time="17.254" classname="com.NewTours.WebPageTest.RegisterPageTest"/>
  <testcase name="newRegisterTest" time="13.807" classname="com.NewTours.WebPageTest.RegisterPageTest"/>
  <testcase name="newRegisterTest" time="11.838" classname="com.NewTours.WebPageTest.RegisterPageTest"/>
  <testcase name="newRegisterTest" time="13.018" classname="com.NewTours.WebPageTest.RegisterPageTest"/>
  <testcase name="newRegisterTest" time="14.731" classname="com.NewTours.WebPageTest.RegisterPageTest"/>
  <testcase name="newRegisterTest" time="12.670" classname="com.NewTours.WebPageTest.RegisterPageTest"/>
  <testcase name="newRegisterTest" time="14.125" classname="com.NewTours.WebPageTest.RegisterPageTest"/>
  <testcase name="newRegisterTest" time="16.473" classname="com.NewTours.WebPageTest.RegisterPageTest"/>
</testsuite> <!-- com.NewTours.WebPageTest.RegisterPageTest -->
