<?xml version="1.0" encoding="UTF-8"?>
<!-- Generated by org.testng.reporters.JUnitReportReporter -->
<testsuite skipped="0" hostname="DESKTOP-6FF9JGR" name="com.NewTours.WebPageTest.HomePageTest" tests="4" failures="0" timestamp="02 Sep 2019 20:00:33 GMT" time="36.358" errors="0">
  <testcase name="verifyTitleTest" time="6.611" classname="com.NewTours.WebPageTest.HomePageTest"/>
  <testcase name="signOnTest" time="10.733" classname="com.NewTours.WebPageTest.HomePageTest"/>
  <testcase name="signOnTest" time="9.964" classname="com.NewTours.WebPageTest.HomePageTest"/>
  <testcase name="signOnTest" time="9.050" classname="com.NewTours.WebPageTest.HomePageTest"/>
</testsuite> <!-- com.NewTours.WebPageTest.HomePageTest -->
